<?xml version="1.0" encoding="UTF-8"?>
<!-- Generated by org.testng.reporters.JUnitXMLReporter -->
<testsuite ignored="0" hostname="QT-INNO-LT1416" failures="0" tests="14" name="Default test" time="0.211" errors="0" timestamp="2022-03-22T20:37:27 IST">
  <testcase classname="com.qt.qualithon.test.MovieSearchTest" name="@BeforeMethod testSessionSetUp" time="0.071">
    <failure type="java.lang.IllegalStateException" message="The path to the driver executable The path to the driver executable must be set by the webdriver.chrome.driver system property; for more information, see https://github.com/SeleniumHQ/selenium/wiki/ChromeDriver. The latest version can be downloaded from https://chromedriver.storage.googleapis.com/index.html">
      <![CDATA[java.lang.IllegalStateException: The path to the driver executable The path to the driver executable must be set by the webdriver.chrome.driver system property; for more information, see https://github.com/SeleniumHQ/selenium/wiki/ChromeDriver. The latest version can be downloaded from https://chromedriver.storage.googleapis.com/index.html
at org.openqa.selenium.internal.Require$StateChecker.nonNull(Require.java:311)
at org.openqa.selenium.remote.service.DriverService.findExecutable(DriverService.java:135)
at org.openqa.selenium.chrome.ChromeDriverService.access$000(ChromeDriverService.java:38)
at org.openqa.selenium.chrome.ChromeDriverService$Builder.findDefaultExecutable(ChromeDriverService.java:231)
at org.openqa.selenium.remote.service.DriverService$Builder.build(DriverService.java:437)
at org.openqa.selenium.chrome.ChromeDriverService.createDefaultService(ChromeDriverService.java:127)
at org.openqa.selenium.chrome.ChromeDriver.<init>(ChromeDriver.java:48)
at com.qt.qualithon.TestSession.ChromeTestSession(TestSession.java:68)
at com.qt.qualithon.test.MovieSearchTest.testSessionSetUp(MovieSearchTest.java:26)
at java.base/jdk.internal.reflect.NativeMethodAccessorImpl.invoke0(Native Method)
at java.base/jdk.internal.reflect.NativeMethodAccessorImpl.invoke(NativeMethodAccessorImpl.java:77)
at java.base/jdk.internal.reflect.DelegatingMethodAccessorImpl.invoke(DelegatingMethodAccessorImpl.java:43)
at java.base/java.lang.reflect.Method.invoke(Method.java:568)
at org.testng.internal.MethodInvocationHelper.invokeMethod(MethodInvocationHelper.java:132)
at org.testng.internal.MethodInvocationHelper.invokeMethodConsideringTimeout(MethodInvocationHelper.java:61)
at org.testng.internal.ConfigInvoker.invokeConfigurationMethod(ConfigInvoker.java:366)
at org.testng.internal.ConfigInvoker.invokeConfigurations(ConfigInvoker.java:320)
at org.testng.internal.TestInvoker.runConfigMethods(TestInvoker.java:701)
at org.testng.internal.TestInvoker.invokeMethod(TestInvoker.java:527)
at org.testng.internal.TestInvoker.invokeTestMethod(TestInvoker.java:174)
at org.testng.internal.MethodRunner.runInSequence(MethodRunner.java:46)
at org.testng.internal.TestInvoker$MethodInvocationAgent.invoke(TestInvoker.java:822)
at org.testng.internal.TestInvoker.invokeTestMethods(TestInvoker.java:147)
at org.testng.internal.TestMethodWorker.invokeTestMethods(TestMethodWorker.java:146)
at org.testng.internal.TestMethodWorker.run(TestMethodWorker.java:128)
at java.base/java.util.ArrayList.forEach(ArrayList.java:1511)
at org.testng.TestRunner.privateRun(TestRunner.java:764)
at org.testng.TestRunner.run(TestRunner.java:585)
at org.testng.SuiteRunner.runTest(SuiteRunner.java:384)
at org.testng.SuiteRunner.runSequentially(SuiteRunner.java:378)
at org.testng.SuiteRunner.privateRun(SuiteRunner.java:337)
at org.testng.SuiteRunner.run(SuiteRunner.java:286)
at org.testng.SuiteRunnerWorker.runSuite(SuiteRunnerWorker.java:53)
at org.testng.SuiteRunnerWorker.run(SuiteRunnerWorker.java:96)
at org.testng.TestNG.runSuitesSequentially(TestNG.java:1218)
at org.testng.TestNG.runSuitesLocally(TestNG.java:1140)
at org.testng.TestNG.runSuites(TestNG.java:1069)
at org.testng.TestNG.run(TestNG.java:1037)
at org.testng.remote.AbstractRemoteTestNG.run(AbstractRemoteTestNG.java:115)
at org.testng.remote.RemoteTestNG.initAndRun(RemoteTestNG.java:251)
at org.testng.remote.RemoteTestNG.main(RemoteTestNG.java:77)
]]>
    </failure>
  </testcase> <!-- @BeforeMethod testSessionSetUp -->
  <testcase classname="com.qt.qualithon.test.MovieSearchTest" name="@AfterMethod testTearDown" time="-1.647961647281E9">
    <skipped/>
  </testcase> <!-- @AfterMethod testTearDown -->
  <testcase classname="com.qt.qualithon.test.MovieSearchTest" name="@BeforeMethod testSessionSetUp" time="-1.647961647283E9">
    <skipped/>
  </testcase> <!-- @BeforeMethod testSessionSetUp -->
  <testcase classname="com.qt.qualithon.test.MovieSearchTest" name="@AfterMethod testTearDown" time="-1.647961647289E9">
    <skipped/>
  </testcase> <!-- @AfterMethod testTearDown -->
  <testcase classname="com.qt.qualithon.test.MovieSearchTest" name="@BeforeMethod testSessionSetUp" time="-1.647961647292E9">
    <skipped/>
  </testcase> <!-- @BeforeMethod testSessionSetUp -->
  <testcase classname="com.qt.qualithon.test.MovieSearchTest" name="@AfterMethod testTearDown" time="-1.647961647295E9">
    <skipped/>
  </testcase> <!-- @AfterMethod testTearDown -->
  <testcase classname="com.qt.qualithon.test.MovieSearchTest" name="@BeforeMethod testSessionSetUp" time="-1.647961647296E9">
    <skipped/>
  </testcase> <!-- @BeforeMethod testSessionSetUp -->
  <testcase classname="com.qt.qualithon.test.MovieSearchTest" name="@AfterMethod testTearDown" time="-1.647961647301E9">
    <skipped/>
  </testcase> <!-- @AfterMethod testTearDown -->
  <testcase classname="com.qt.qualithon.test.MovieSearchTest" name="@BeforeMethod testSessionSetUp" time="-1.647961647303E9">
    <skipped/>
  </testcase> <!-- @BeforeMethod testSessionSetUp -->
  <testcase classname="com.qt.qualithon.test.MovieSearchTest" name="@AfterMethod testTearDown" time="-1.647961647307E9">
    <skipped/>
  </testcase> <!-- @AfterMethod testTearDown -->
  <testcase classname="com.qt.qualithon.test.MovieSearchTest" name="@BeforeMethod testSessionSetUp" time="-1.647961647309E9">
    <skipped/>
  </testcase> <!-- @BeforeMethod testSessionSetUp -->
  <testcase classname="com.qt.qualithon.test.MovieSearchTest" name="@AfterMethod testTearDown" time="-1.647961647314E9">
    <skipped/>
  </testcase> <!-- @AfterMethod testTearDown -->
  <testcase classname="com.qt.qualithon.test.MovieSearchTest" name="@BeforeMethod testSessionSetUp" time="-1.647961647315E9">
    <skipped/>
  </testcase> <!-- @BeforeMethod testSessionSetUp -->
  <testcase classname="com.qt.qualithon.test.MovieSearchTest" name="@AfterMethod testTearDown" time="-1.64796164732E9">
    <skipped/>
  </testcase> <!-- @AfterMethod testTearDown -->
  <testcase classname="com.qt.qualithon.test.MovieSearchTest" name="@BeforeMethod testSessionSetUp" time="-1.647961647322E9">
    <skipped/>
  </testcase> <!-- @BeforeMethod testSessionSetUp -->
  <testcase classname="com.qt.qualithon.test.MovieSearchTest" name="@AfterMethod testTearDown" time="-1.647961647325E9">
    <skipped/>
  </testcase> <!-- @AfterMethod testTearDown -->
  <testcase classname="com.qt.qualithon.test.MovieSearchTest" name="@BeforeMethod testSessionSetUp" time="-1.647961647326E9">
    <skipped/>
  </testcase> <!-- @BeforeMethod testSessionSetUp -->
  <testcase classname="com.qt.qualithon.test.MovieSearchTest" name="@AfterMethod testTearDown" time="-1.64796164733E9">
    <skipped/>
  </testcase> <!-- @AfterMethod testTearDown -->
  <testcase classname="com.qt.qualithon.test.MovieSearchTest" name="@BeforeMethod testSessionSetUp" time="-1.647961647331E9">
    <skipped/>
  </testcase> <!-- @BeforeMethod testSessionSetUp -->
  <testcase classname="com.qt.qualithon.test.MovieSearchTest" name="@AfterMethod testTearDown" time="-1.647961647335E9">
    <skipped/>
  </testcase> <!-- @AfterMethod testTearDown -->
  <testcase classname="com.qt.qualithon.test.MovieSearchTest" name="@BeforeMethod testSessionSetUp" time="-1.647961647337E9">
    <skipped/>
  </testcase> <!-- @BeforeMethod testSessionSetUp -->
  <testcase classname="com.qt.qualithon.test.MovieSearchTest" name="@AfterMethod testTearDown" time="-1.647961647341E9">
    <skipped/>
  </testcase> <!-- @AfterMethod testTearDown -->
  <testcase classname="com.qt.qualithon.test.MovieSearchTest" name="@BeforeMethod testSessionSetUp" time="-1.647961647342E9">
    <skipped/>
  </testcase> <!-- @BeforeMethod testSessionSetUp -->
  <testcase classname="com.qt.qualithon.test.MovieSearchTest" name="@AfterMethod testTearDown" time="-1.647961647346E9">
    <skipped/>
  </testcase> <!-- @AfterMethod testTearDown -->
  <testcase classname="com.qt.qualithon.test.MovieSearchTest" name="@BeforeMethod testSessionSetUp" time="-1.647961647347E9">
    <skipped/>
  </testcase> <!-- @BeforeMethod testSessionSetUp -->
  <testcase classname="com.qt.qualithon.test.MovieSearchTest" name="@AfterMethod testTearDown" time="-1.647961647351E9">
    <skipped/>
  </testcase> <!-- @AfterMethod testTearDown -->
  <testcase classname="com.qt.qualithon.test.MovieSearchTest" name="@BeforeMethod testSessionSetUp" time="-1.647961647351E9">
    <skipped/>
  </testcase> <!-- @BeforeMethod testSessionSetUp -->
  <testcase classname="com.qt.qualithon.test.MovieSearchTest" name="@AfterMethod testTearDown" time="-1.647961647354E9">
    <skipped/>
  </testcase> <!-- @AfterMethod testTearDown -->
  <testcase classname="com.qt.qualithon.test.MovieSearchTest" name="testMovieMetadataOnWebHasCorrectDirectorName" time="0.0">
    <skipped/>
  </testcase> <!-- testMovieMetadataOnWebHasCorrectDirectorName -->
  <testcase classname="com.qt.qualithon.test.MovieSearchTest" name="testMovieMetadataOnWebHasCorrectDirectorName" time="0.0">
    <skipped/>
  </testcase> <!-- testMovieMetadataOnWebHasCorrectDirectorName -->
  <testcase classname="com.qt.qualithon.test.MovieSearchTest" name="testMovieMetadataOnWebHasCorrectGenres" time="0.0">
    <skipped/>
  </testcase> <!-- testMovieMetadataOnWebHasCorrectGenres -->
  <testcase classname="com.qt.qualithon.test.MovieSearchTest" name="testMovieMetadataOnWebHasCorrectGenres" time="0.0">
    <skipped/>
  </testcase> <!-- testMovieMetadataOnWebHasCorrectGenres -->
  <testcase classname="com.qt.qualithon.test.MovieSearchTest" name="testMovieMetadataOnWebHasCorrectMaturityRating" time="0.0">
    <skipped/>
  </testcase> <!-- testMovieMetadataOnWebHasCorrectMaturityRating -->
  <testcase classname="com.qt.qualithon.test.MovieSearchTest" name="testMovieMetadataOnWebHasCorrectMaturityRating" time="0.0">
    <skipped/>
  </testcase> <!-- testMovieMetadataOnWebHasCorrectMaturityRating -->
  <testcase classname="com.qt.qualithon.test.MovieSearchTest" name="testMovieMetadataOnWebHasCorrectMovieRatingScore" time="0.0">
    <skipped/>
  </testcase> <!-- testMovieMetadataOnWebHasCorrectMovieRatingScore -->
  <testcase classname="com.qt.qualithon.test.MovieSearchTest" name="testMovieMetadataOnWebHasCorrectMovieRatingScore" time="0.0">
    <skipped/>
  </testcase> <!-- testMovieMetadataOnWebHasCorrectMovieRatingScore -->
  <testcase classname="com.qt.qualithon.test.MovieSearchTest" name="testMovieMetadataOnWebHasCorrectReleaseYear" time="0.0">
    <skipped/>
  </testcase> <!-- testMovieMetadataOnWebHasCorrectReleaseYear -->
  <testcase classname="com.qt.qualithon.test.MovieSearchTest" name="testMovieMetadataOnWebHasCorrectReleaseYear" time="0.0">
    <skipped/>
  </testcase> <!-- testMovieMetadataOnWebHasCorrectReleaseYear -->
  <testcase classname="com.qt.qualithon.test.MovieSearchTest" name="testMovieMetadataOnWebHasCorrectWriters" time="0.0">
    <skipped/>
  </testcase> <!-- testMovieMetadataOnWebHasCorrectWriters -->
  <testcase classname="com.qt.qualithon.test.MovieSearchTest" name="testMovieMetadataOnWebHasCorrectWriters" time="0.0">
    <skipped/>
  </testcase> <!-- testMovieMetadataOnWebHasCorrectWriters -->
  <testcase classname="com.qt.qualithon.test.MovieSearchTest" name="testSearchByExactMovieTitleReturnsMovieAsFirstResult" time="0.0">
    <skipped/>
  </testcase> <!-- testSearchByExactMovieTitleReturnsMovieAsFirstResult -->
  <testcase classname="com.qt.qualithon.test.MovieSearchTest" name="testSearchByExactMovieTitleReturnsMovieAsFirstResult" time="0.0">
    <skipped/>
  </testcase> <!-- testSearchByExactMovieTitleReturnsMovieAsFirstResult -->
</testsuite> <!-- Default test -->
